Start testing: Nov 19 14:49 EST
----------------------------------------------------------
1/6 Testing: FixMessageHandlerTest.ParseFixMessage
1/6 Test: FixMessageHandlerTest.ParseFixMessage
Command: "/root/cpp-workspace/HighPerformanceTradingGateway/build/HighPerformanceTradingGatewayTests" "--gtest_filter=FixMessageHandlerTest.ParseFixMessage" "--gtest_also_run_disabled_tests"
Directory: /root/cpp-workspace/HighPerformanceTradingGateway/build
"FixMessageHandlerTest.ParseFixMessage" start time: Nov 19 14:49 EST
Output:
----------------------------------------------------------
Running main() from /root/cpp-workspace/HighPerformanceTradingGateway/build/_deps/googletest-src/googletest/src/gtest_main.cc
Note: Google Test filter = FixMessageHandlerTest.ParseFixMessage
[==========] Running 1 test from 1 test suite.
[----------] Global test environment set-up.
[----------] 1 test from FixMessageHandlerTest
[ RUN      ] FixMessageHandlerTest.ParseFixMessage
[       OK ] FixMessageHandlerTest.ParseFixMessage (0 ms)
[----------] 1 test from FixMessageHandlerTest (0 ms total)

[----------] Global test environment tear-down
[==========] 1 test from 1 test suite ran. (0 ms total)
[  PASSED  ] 1 test.
<end of output>
Test time =   0.00 sec
----------------------------------------------------------
Test Passed.
"FixMessageHandlerTest.ParseFixMessage" end time: Nov 19 14:49 EST
"FixMessageHandlerTest.ParseFixMessage" time elapsed: 00:00:00
----------------------------------------------------------

2/6 Testing: FixMessageHandlerTest.BuildFixMessage
2/6 Test: FixMessageHandlerTest.BuildFixMessage
Command: "/root/cpp-workspace/HighPerformanceTradingGateway/build/HighPerformanceTradingGatewayTests" "--gtest_filter=FixMessageHandlerTest.BuildFixMessage" "--gtest_also_run_disabled_tests"
Directory: /root/cpp-workspace/HighPerformanceTradingGateway/build
"FixMessageHandlerTest.BuildFixMessage" start time: Nov 19 14:49 EST
Output:
----------------------------------------------------------
Running main() from /root/cpp-workspace/HighPerformanceTradingGateway/build/_deps/googletest-src/googletest/src/gtest_main.cc
Note: Google Test filter = FixMessageHandlerTest.BuildFixMessage
[==========] Running 1 test from 1 test suite.
[----------] Global test environment set-up.
[----------] 1 test from FixMessageHandlerTest
[ RUN      ] FixMessageHandlerTest.BuildFixMessage
[       OK ] FixMessageHandlerTest.BuildFixMessage (0 ms)
[----------] 1 test from FixMessageHandlerTest (0 ms total)

[----------] Global test environment tear-down
[==========] 1 test from 1 test suite ran. (0 ms total)
[  PASSED  ] 1 test.
<end of output>
Test time =   0.00 sec
----------------------------------------------------------
Test Passed.
"FixMessageHandlerTest.BuildFixMessage" end time: Nov 19 14:49 EST
"FixMessageHandlerTest.BuildFixMessage" time elapsed: 00:00:00
----------------------------------------------------------

3/6 Testing: LoggerTest.LogMessage
3/6 Test: LoggerTest.LogMessage
Command: "/root/cpp-workspace/HighPerformanceTradingGateway/build/HighPerformanceTradingGatewayTests" "--gtest_filter=LoggerTest.LogMessage" "--gtest_also_run_disabled_tests"
Directory: /root/cpp-workspace/HighPerformanceTradingGateway/build
"LoggerTest.LogMessage" start time: Nov 19 14:49 EST
Output:
----------------------------------------------------------
Running main() from /root/cpp-workspace/HighPerformanceTradingGateway/build/_deps/googletest-src/googletest/src/gtest_main.cc
Note: Google Test filter = LoggerTest.LogMessage
[==========] Running 1 test from 1 test suite.
[----------] Global test environment set-up.
[----------] 1 test from LoggerTest
[ RUN      ] LoggerTest.LogMessage
Test log
[       OK ] LoggerTest.LogMessage (0 ms)
[----------] 1 test from LoggerTest (0 ms total)

[----------] Global test environment tear-down
[==========] 1 test from 1 test suite ran. (0 ms total)
[  PASSED  ] 1 test.
<end of output>
Test time =   0.00 sec
----------------------------------------------------------
Test Passed.
"LoggerTest.LogMessage" end time: Nov 19 14:49 EST
"LoggerTest.LogMessage" time elapsed: 00:00:00
----------------------------------------------------------

4/6 Testing: MarketDataProcessorTest.ProcessMarketData
4/6 Test: MarketDataProcessorTest.ProcessMarketData
Command: "/root/cpp-workspace/HighPerformanceTradingGateway/build/HighPerformanceTradingGatewayTests" "--gtest_filter=MarketDataProcessorTest.ProcessMarketData" "--gtest_also_run_disabled_tests"
Directory: /root/cpp-workspace/HighPerformanceTradingGateway/build
"MarketDataProcessorTest.ProcessMarketData" start time: Nov 19 14:49 EST
Output:
----------------------------------------------------------
Running main() from /root/cpp-workspace/HighPerformanceTradingGateway/build/_deps/googletest-src/googletest/src/gtest_main.cc
Note: Google Test filter = MarketDataProcessorTest.ProcessMarketData
[==========] Running 1 test from 1 test suite.
[----------] Global test environment set-up.
[----------] 1 test from MarketDataProcessorTest
[ RUN      ] MarketDataProcessorTest.ProcessMarketData
[       OK ] MarketDataProcessorTest.ProcessMarketData (0 ms)
[----------] 1 test from MarketDataProcessorTest (0 ms total)

[----------] Global test environment tear-down
[==========] 1 test from 1 test suite ran. (0 ms total)
[  PASSED  ] 1 test.
<end of output>
Test time =   0.00 sec
----------------------------------------------------------
Test Passed.
"MarketDataProcessorTest.ProcessMarketData" end time: Nov 19 14:49 EST
"MarketDataProcessorTest.ProcessMarketData" time elapsed: 00:00:00
----------------------------------------------------------

5/6 Testing: OrderManagerTest.CreateAndRetrieveOrder
5/6 Test: OrderManagerTest.CreateAndRetrieveOrder
Command: "/root/cpp-workspace/HighPerformanceTradingGateway/build/HighPerformanceTradingGatewayTests" "--gtest_filter=OrderManagerTest.CreateAndRetrieveOrder" "--gtest_also_run_disabled_tests"
Directory: /root/cpp-workspace/HighPerformanceTradingGateway/build
"OrderManagerTest.CreateAndRetrieveOrder" start time: Nov 19 14:49 EST
Output:
----------------------------------------------------------
Running main() from /root/cpp-workspace/HighPerformanceTradingGateway/build/_deps/googletest-src/googletest/src/gtest_main.cc
Note: Google Test filter = OrderManagerTest.CreateAndRetrieveOrder
[==========] Running 1 test from 1 test suite.
[----------] Global test environment set-up.
[----------] 1 test from OrderManagerTest
[ RUN      ] OrderManagerTest.CreateAndRetrieveOrder
[       OK ] OrderManagerTest.CreateAndRetrieveOrder (0 ms)
[----------] 1 test from OrderManagerTest (0 ms total)

[----------] Global test environment tear-down
[==========] 1 test from 1 test suite ran. (0 ms total)
[  PASSED  ] 1 test.
<end of output>
Test time =   0.00 sec
----------------------------------------------------------
Test Passed.
"OrderManagerTest.CreateAndRetrieveOrder" end time: Nov 19 14:49 EST
"OrderManagerTest.CreateAndRetrieveOrder" time elapsed: 00:00:00
----------------------------------------------------------

6/6 Testing: OrderManagerTest.CancelOrder
6/6 Test: OrderManagerTest.CancelOrder
Command: "/root/cpp-workspace/HighPerformanceTradingGateway/build/HighPerformanceTradingGatewayTests" "--gtest_filter=OrderManagerTest.CancelOrder" "--gtest_also_run_disabled_tests"
Directory: /root/cpp-workspace/HighPerformanceTradingGateway/build
"OrderManagerTest.CancelOrder" start time: Nov 19 14:49 EST
Output:
----------------------------------------------------------
Running main() from /root/cpp-workspace/HighPerformanceTradingGateway/build/_deps/googletest-src/googletest/src/gtest_main.cc
Note: Google Test filter = OrderManagerTest.CancelOrder
[==========] Running 1 test from 1 test suite.
[----------] Global test environment set-up.
[----------] 1 test from OrderManagerTest
[ RUN      ] OrderManagerTest.CancelOrder
[       OK ] OrderManagerTest.CancelOrder (0 ms)
[----------] 1 test from OrderManagerTest (0 ms total)

[----------] Global test environment tear-down
[==========] 1 test from 1 test suite ran. (0 ms total)
[  PASSED  ] 1 test.
<end of output>
Test time =   0.00 sec
----------------------------------------------------------
Test Passed.
"OrderManagerTest.CancelOrder" end time: Nov 19 14:49 EST
"OrderManagerTest.CancelOrder" time elapsed: 00:00:00
----------------------------------------------------------

End testing: Nov 19 14:49 EST
