Start testing: Nov 19 13:18 EST
----------------------------------------------------------
1/4 Testing: FixMessageHandlerTest
1/4 Test: FixMessageHandlerTest
Command: "/root/cpp-workspace/HighPerformanceTradingGateway/build/HighPerformanceTradingGatewayTests"
Directory: /root/cpp-workspace/HighPerformanceTradingGateway/build
"FixMessageHandlerTest" start time: Nov 19 13:18 EST
Output:
----------------------------------------------------------
Running main() from ./googletest/src/gtest_main.cc
[==========] Running 6 tests from 4 test suites.
[----------] Global test environment set-up.
[----------] 2 tests from FixMessageHandlerTest
[ RUN      ] FixMessageHandlerTest.ParseMessage
[       OK ] FixMessageHandlerTest.ParseMessage (0 ms)
[ RUN      ] FixMessageHandlerTest.CreateMessage
[       OK ] FixMessageHandlerTest.CreateMessage (0 ms)
[----------] 2 tests from FixMessageHandlerTest (0 ms total)

[----------] 2 tests from OrderManagerTest
[ RUN      ] OrderManagerTest.CreateAndRetrieveOrder
[       OK ] OrderManagerTest.CreateAndRetrieveOrder (0 ms)
[ RUN      ] OrderManagerTest.CancelOrder
[       OK ] OrderManagerTest.CancelOrder (0 ms)
[----------] 2 tests from OrderManagerTest (0 ms total)

[----------] 1 test from MarketDataProcessorTest
[ RUN      ] MarketDataProcessorTest.ProcessMarketData
[       OK ] MarketDataProcessorTest.ProcessMarketData (0 ms)
[----------] 1 test from MarketDataProcessorTest (0 ms total)

[----------] 1 test from LoggerTest
[ RUN      ] LoggerTest.LogMessage
[       OK ] LoggerTest.LogMessage (0 ms)
[----------] 1 test from LoggerTest (0 ms total)

[----------] Global test environment tear-down
[==========] 6 tests from 4 test suites ran. (0 ms total)
[  PASSED  ] 6 tests.
<end of output>
Test time =   0.00 sec
----------------------------------------------------------
Test Passed.
"FixMessageHandlerTest" end time: Nov 19 13:18 EST
"FixMessageHandlerTest" time elapsed: 00:00:00
----------------------------------------------------------

2/4 Testing: OrderManagerTest
2/4 Test: OrderManagerTest
Command: "/root/cpp-workspace/HighPerformanceTradingGateway/build/HighPerformanceTradingGatewayTests"
Directory: /root/cpp-workspace/HighPerformanceTradingGateway/build
"OrderManagerTest" start time: Nov 19 13:18 EST
Output:
----------------------------------------------------------
Running main() from ./googletest/src/gtest_main.cc
[==========] Running 6 tests from 4 test suites.
[----------] Global test environment set-up.
[----------] 2 tests from FixMessageHandlerTest
[ RUN      ] FixMessageHandlerTest.ParseMessage
[       OK ] FixMessageHandlerTest.ParseMessage (0 ms)
[ RUN      ] FixMessageHandlerTest.CreateMessage
[       OK ] FixMessageHandlerTest.CreateMessage (0 ms)
[----------] 2 tests from FixMessageHandlerTest (0 ms total)

[----------] 2 tests from OrderManagerTest
[ RUN      ] OrderManagerTest.CreateAndRetrieveOrder
[       OK ] OrderManagerTest.CreateAndRetrieveOrder (0 ms)
[ RUN      ] OrderManagerTest.CancelOrder
[       OK ] OrderManagerTest.CancelOrder (0 ms)
[----------] 2 tests from OrderManagerTest (0 ms total)

[----------] 1 test from MarketDataProcessorTest
[ RUN      ] MarketDataProcessorTest.ProcessMarketData
[       OK ] MarketDataProcessorTest.ProcessMarketData (0 ms)
[----------] 1 test from MarketDataProcessorTest (0 ms total)

[----------] 1 test from LoggerTest
[ RUN      ] LoggerTest.LogMessage
[       OK ] LoggerTest.LogMessage (0 ms)
[----------] 1 test from LoggerTest (0 ms total)

[----------] Global test environment tear-down
[==========] 6 tests from 4 test suites ran. (0 ms total)
[  PASSED  ] 6 tests.
<end of output>
Test time =   0.00 sec
----------------------------------------------------------
Test Passed.
"OrderManagerTest" end time: Nov 19 13:18 EST
"OrderManagerTest" time elapsed: 00:00:00
----------------------------------------------------------

3/4 Testing: MarketDataProcessorTest
3/4 Test: MarketDataProcessorTest
Command: "/root/cpp-workspace/HighPerformanceTradingGateway/build/HighPerformanceTradingGatewayTests"
Directory: /root/cpp-workspace/HighPerformanceTradingGateway/build
"MarketDataProcessorTest" start time: Nov 19 13:18 EST
Output:
----------------------------------------------------------
Running main() from ./googletest/src/gtest_main.cc
[==========] Running 6 tests from 4 test suites.
[----------] Global test environment set-up.
[----------] 2 tests from FixMessageHandlerTest
[ RUN      ] FixMessageHandlerTest.ParseMessage
[       OK ] FixMessageHandlerTest.ParseMessage (0 ms)
[ RUN      ] FixMessageHandlerTest.CreateMessage
[       OK ] FixMessageHandlerTest.CreateMessage (0 ms)
[----------] 2 tests from FixMessageHandlerTest (0 ms total)

[----------] 2 tests from OrderManagerTest
[ RUN      ] OrderManagerTest.CreateAndRetrieveOrder
[       OK ] OrderManagerTest.CreateAndRetrieveOrder (0 ms)
[ RUN      ] OrderManagerTest.CancelOrder
[       OK ] OrderManagerTest.CancelOrder (0 ms)
[----------] 2 tests from OrderManagerTest (0 ms total)

[----------] 1 test from MarketDataProcessorTest
[ RUN      ] MarketDataProcessorTest.ProcessMarketData
[       OK ] MarketDataProcessorTest.ProcessMarketData (0 ms)
[----------] 1 test from MarketDataProcessorTest (0 ms total)

[----------] 1 test from LoggerTest
[ RUN      ] LoggerTest.LogMessage
[       OK ] LoggerTest.LogMessage (0 ms)
[----------] 1 test from LoggerTest (0 ms total)

[----------] Global test environment tear-down
[==========] 6 tests from 4 test suites ran. (0 ms total)
[  PASSED  ] 6 tests.
<end of output>
Test time =   0.00 sec
----------------------------------------------------------
Test Passed.
"MarketDataProcessorTest" end time: Nov 19 13:18 EST
"MarketDataProcessorTest" time elapsed: 00:00:00
----------------------------------------------------------

4/4 Testing: LoggerTest
4/4 Test: LoggerTest
Command: "/root/cpp-workspace/HighPerformanceTradingGateway/build/HighPerformanceTradingGatewayTests"
Directory: /root/cpp-workspace/HighPerformanceTradingGateway/build
"LoggerTest" start time: Nov 19 13:18 EST
Output:
----------------------------------------------------------
Running main() from ./googletest/src/gtest_main.cc
[==========] Running 6 tests from 4 test suites.
[----------] Global test environment set-up.
[----------] 2 tests from FixMessageHandlerTest
[ RUN      ] FixMessageHandlerTest.ParseMessage
[       OK ] FixMessageHandlerTest.ParseMessage (0 ms)
[ RUN      ] FixMessageHandlerTest.CreateMessage
[       OK ] FixMessageHandlerTest.CreateMessage (0 ms)
[----------] 2 tests from FixMessageHandlerTest (0 ms total)

[----------] 2 tests from OrderManagerTest
[ RUN      ] OrderManagerTest.CreateAndRetrieveOrder
[       OK ] OrderManagerTest.CreateAndRetrieveOrder (0 ms)
[ RUN      ] OrderManagerTest.CancelOrder
[       OK ] OrderManagerTest.CancelOrder (0 ms)
[----------] 2 tests from OrderManagerTest (0 ms total)

[----------] 1 test from MarketDataProcessorTest
[ RUN      ] MarketDataProcessorTest.ProcessMarketData
[       OK ] MarketDataProcessorTest.ProcessMarketData (0 ms)
[----------] 1 test from MarketDataProcessorTest (0 ms total)

[----------] 1 test from LoggerTest
[ RUN      ] LoggerTest.LogMessage
[       OK ] LoggerTest.LogMessage (0 ms)
[----------] 1 test from LoggerTest (0 ms total)

[----------] Global test environment tear-down
[==========] 6 tests from 4 test suites ran. (0 ms total)
[  PASSED  ] 6 tests.
<end of output>
Test time =   0.00 sec
----------------------------------------------------------
Test Passed.
"LoggerTest" end time: Nov 19 13:18 EST
"LoggerTest" time elapsed: 00:00:00
----------------------------------------------------------

End testing: Nov 19 13:18 EST
