Start testing: Nov 19 13:55 EST
----------------------------------------------------------
1/1 Testing: HighPerformanceTradingGatewayTests
1/1 Test: HighPerformanceTradingGatewayTests
Command: "/root/cpp-workspace/HighPerformanceTradingGateway/build/HighPerformanceTradingGatewayTests"
Directory: /root/cpp-workspace/HighPerformanceTradingGateway/build
"HighPerformanceTradingGatewayTests" start time: Nov 19 13:55 EST
Output:
----------------------------------------------------------
Running main() from /root/cpp-workspace/HighPerformanceTradingGateway/build/_deps/googletest-src/googletest/src/gtest_main.cc
[==========] Running 6 tests from 4 test suites.
[----------] Global test environment set-up.
[----------] 2 tests from FixMessageHandlerTest
[ RUN      ] FixMessageHandlerTest.ParseFixMessage
[       OK ] FixMessageHandlerTest.ParseFixMessage (0 ms)
[ RUN      ] FixMessageHandlerTest.BuildFixMessage
[       OK ] FixMessageHandlerTest.BuildFixMessage (0 ms)
[----------] 2 tests from FixMessageHandlerTest (0 ms total)

[----------] 1 test from LoggerTest
[ RUN      ] LoggerTest.LogMessage
Test log
[       OK ] LoggerTest.LogMessage (0 ms)
[----------] 1 test from LoggerTest (0 ms total)

[----------] 1 test from MarketDataProcessorTest
[ RUN      ] MarketDataProcessorTest.ProcessMarketData
[       OK ] MarketDataProcessorTest.ProcessMarketData (0 ms)
[----------] 1 test from MarketDataProcessorTest (0 ms total)

[----------] 2 tests from OrderManagerTest
[ RUN      ] OrderManagerTest.CreateAndRetrieveOrder
[       OK ] OrderManagerTest.CreateAndRetrieveOrder (0 ms)
[ RUN      ] OrderManagerTest.CancelOrder
unknown file: Failure
C++ exception with description "Order not found" thrown in the test body.
[  FAILED  ] OrderManagerTest.CancelOrder (0 ms)
[----------] 2 tests from OrderManagerTest (0 ms total)

[----------] Global test environment tear-down
[==========] 6 tests from 4 test suites ran. (0 ms total)
[  PASSED  ] 5 tests.
[  FAILED  ] 1 test, listed below:
[  FAILED  ] OrderManagerTest.CancelOrder

 1 FAILED TEST
<end of output>
Test time =   0.00 sec
----------------------------------------------------------
Test Failed.
"HighPerformanceTradingGatewayTests" end time: Nov 19 13:55 EST
"HighPerformanceTradingGatewayTests" time elapsed: 00:00:00
----------------------------------------------------------

End testing: Nov 19 13:55 EST
